12/29/2023 11:03:05 PM - ERROR - missing project name
12/29/2023 11:03:06 PM - ERROR - project with name [fresh_new] exists
12/29/2023 11:03:08 PM - INFO - gen pro latest done
12/29/2023 11:03:09 PM - ERROR - tool is not operational
12/29/2023 11:03:10 PM - ERROR - missing project name
12/29/2023 11:03:47 PM - ERROR - missing project name
12/29/2023 11:03:48 PM - ERROR - project with name [fresh_new] exists
12/29/2023 11:03:50 PM - INFO - gen pro latest done
12/29/2023 11:03:51 PM - ERROR - tool is not operational
12/29/2023 11:03:52 PM - ERROR - missing project name
12/29/2023 11:07:46 PM - ERROR - missing project name
12/29/2023 11:07:48 PM - ERROR - project with name [fresh_new] exists
12/29/2023 11:07:49 PM - INFO - gen pro latest done
12/29/2023 11:07:50 PM - ERROR - tool is not operational
12/29/2023 11:07:51 PM - ERROR - missing project name
12/29/2023 11:16:17 PM - ERROR - missing project name
12/29/2023 11:16:18 PM - ERROR - project with name [fresh_new] exists
12/29/2023 11:16:20 PM - INFO - gen pro latest done
12/29/2023 11:16:21 PM - ERROR - tool is not operational
12/29/2023 11:16:22 PM - ERROR - missing project name
06/11/2024 07:10:50 PM - ERROR - tool is not operational
06/11/2024 07:11:54 PM - INFO - generation latest done
06/11/2024 07:11:56 PM - ERROR - tool is not operational
06/11/2024 07:14:15 PM - INFO - generation latest done
06/11/2024 07:14:16 PM - ERROR - tool is not operational
